<?xml version="1.0" encoding="UTF-8"?>
<testsuites name="Snap.Hutao.Remastered.Native" tests="7" failures="0" errors="0" skipped="0" time="0.004">
  <testsuite name="BasicFunctionTests" tests="0" failures="0" errors="0" skipped="0" time="0.000">
    <description>基础功能测试套件</description>
  </testsuite>
  <testsuite name="InterfaceTests" tests="0" failures="0" errors="0" skipped="0" time="0.000">
    <description>接口功能测试套件</description>
  </testsuite>
  <testsuite name="BasicFunctionTests" tests="2" failures="0" errors="0" skipped="0" time="0.000">
    <description>基础功能测试套件</description>
    <testcase name="TestBasicAssertions" time="0.000"/>
    <testcase name="TestHResultAssertions" time="0.000"/>
  </testsuite>
  <testsuite name="InterfaceTests" tests="5" failures="0" errors="0" skipped="0" time="0.004">
    <description>接口功能测试套件</description>
    <testcase name="TestIHutaoNativeInterface" time="0.004"/>
    <testcase name="TestIHutaoNative2Interface" time="0.000"/>
    <testcase name="TestIHutaoNative3Interface" time="0.000"/>
    <testcase name="TestIHutaoNative4Interface" time="0.000"/>
    <testcase name="TestIHutaoNative5Interface" time="0.000"/>
  </testsuite>
</testsuites>
